<?xml version="1.0" encoding="UTF-8"?>
<!-- Generated by org.testng.reporters.JUnitReportReporter -->
<testsuite hostname="MSI" failures="0" tests="2" name="MyTestPackage.LoginPagetest" time="0.084" errors="0" timestamp="2024-10-26T19:09:29 IST" skipped="0">
  <testcase classname="MyTestPackage.LoginPagetest" name="loginPageLogoTest" time="0.068"/>
  <testcase classname="MyTestPackage.LoginPagetest" name="loginPageTitleTest" time="0.016"/>
</testsuite> <!-- MyTestPackage.LoginPagetest -->
