<?xml version="1.0" encoding="UTF-8"?>
<!-- Generated by org.testng.reporters.JUnitReportReporter -->
<testsuite hostname="MSI" failures="0" tests="2" name="MyTestPackage.HomePageTest" time="1.213" errors="0" timestamp="2024-10-26T19:09:29 IST" skipped="0">
  <testcase classname="MyTestPackage.HomePageTest" name="isUserLoggedtest" time="1.145"/>
  <testcase classname="MyTestPackage.HomePageTest" name="homePageSearchBoxTest" time="0.068"/>
</testsuite> <!-- MyTestPackage.HomePageTest -->
